  Main.cpp
G:\University Work\Programming with C++ - CMP104\Cyber Pet\Cyber Pet\Cyber Pet\Interactions.h(37,16): warning C4129: ' ': unrecognized character escape sequence
G:\University Work\Programming with C++ - CMP104\Cyber Pet\Cyber Pet\Cyber Pet\Interactions.h(38,16): warning C4129: ' ': unrecognized character escape sequence
G:\University Work\Programming with C++ - CMP104\Cyber Pet\Cyber Pet\Cyber Pet\Interactions.h(39,16): warning C4129: '|': unrecognized character escape sequence
G:\University Work\Programming with C++ - CMP104\Cyber Pet\Cyber Pet\Cyber Pet\Interactions.h(39,16): warning C4129: ' ': unrecognized character escape sequence
G:\University Work\Programming with C++ - CMP104\Cyber Pet\Cyber Pet\Cyber Pet\Interactions.h(40,16): warning C4129: ' ': unrecognized character escape sequence
G:\University Work\Programming with C++ - CMP104\Cyber Pet\Cyber Pet\Cyber Pet\Interactions.h(45,16): warning C4129: ' ': unrecognized character escape sequence
G:\University Work\Programming with C++ - CMP104\Cyber Pet\Cyber Pet\Cyber Pet\Interactions.h(46,50): warning C4129: ',': unrecognized character escape sequence
G:\University Work\Programming with C++ - CMP104\Cyber Pet\Cyber Pet\Cyber Pet\Interactions.h(48,16): warning C4129: ',': unrecognized character escape sequence
G:\University Work\Programming with C++ - CMP104\Cyber Pet\Cyber Pet\Cyber Pet\Interactions.h(50,16): warning C4129: ' ': unrecognized character escape sequence
G:\University Work\Programming with C++ - CMP104\Cyber Pet\Cyber Pet\Cyber Pet\Interactions.h(54,16): warning C4129: '_': unrecognized character escape sequence
G:\University Work\Programming with C++ - CMP104\Cyber Pet\Cyber Pet\Cyber Pet\Interactions.h(62,16): warning C4129: ' ': unrecognized character escape sequence
G:\University Work\Programming with C++ - CMP104\Cyber Pet\Cyber Pet\Cyber Pet\Interactions.h(63,16): warning C4129: ' ': unrecognized character escape sequence
G:\University Work\Programming with C++ - CMP104\Cyber Pet\Cyber Pet\Cyber Pet\Interactions.h(67,16): warning C4129: ' ': unrecognized character escape sequence
G:\University Work\Programming with C++ - CMP104\Cyber Pet\Cyber Pet\Cyber Pet\Interactions.h(68,16): warning C4129: ' ': unrecognized character escape sequence
G:\University Work\Programming with C++ - CMP104\Cyber Pet\Cyber Pet\Cyber Pet\Interactions.h(69,16): warning C4129: ' ': unrecognized character escape sequence
G:\University Work\Programming with C++ - CMP104\Cyber Pet\Cyber Pet\Cyber Pet\Interactions.h(70,16): warning C4129: ' ': unrecognized character escape sequence
G:\University Work\Programming with C++ - CMP104\Cyber Pet\Cyber Pet\Cyber Pet\Interactions.h(71,16): warning C4129: ' ': unrecognized character escape sequence
G:\University Work\Programming with C++ - CMP104\Cyber Pet\Cyber Pet\Cyber Pet\Interactions.h(72,16): warning C4129: ' ': unrecognized character escape sequence
G:\University Work\Programming with C++ - CMP104\Cyber Pet\Cyber Pet\Cyber Pet\Interactions.h(76,16): warning C4129: ' ': unrecognized character escape sequence
G:\University Work\Programming with C++ - CMP104\Cyber Pet\Cyber Pet\Cyber Pet\Interactions.h(77,16): warning C4129: '`': unrecognized character escape sequence
G:\University Work\Programming with C++ - CMP104\Cyber Pet\Cyber Pet\Cyber Pet\Interactions.h(79,16): warning C4129: ' ': unrecognized character escape sequence
G:\University Work\Programming with C++ - CMP104\Cyber Pet\Cyber Pet\Cyber Pet\Interactions.h(79,16): warning C4129: '`': unrecognized character escape sequence
G:\University Work\Programming with C++ - CMP104\Cyber Pet\Cyber Pet\Cyber Pet\Interactions.h(80,16): warning C4129: ' ': unrecognized character escape sequence
G:\University Work\Programming with C++ - CMP104\Cyber Pet\Cyber Pet\Cyber Pet\Interactions.h(81,16): warning C4129: '_': unrecognized character escape sequence
G:\University Work\Programming with C++ - CMP104\Cyber Pet\Cyber Pet\Cyber Pet\Interactions.h(93,16): warning C4129: ':': unrecognized character escape sequence
G:\University Work\Programming with C++ - CMP104\Cyber Pet\Cyber Pet\Cyber Pet\Interactions.h(94,16): warning C4129: ':': unrecognized character escape sequence
G:\University Work\Programming with C++ - CMP104\Cyber Pet\Cyber Pet\Cyber Pet\Interactions.h(95,16): warning C4129: ',': unrecognized character escape sequence
G:\University Work\Programming with C++ - CMP104\Cyber Pet\Cyber Pet\Cyber Pet\Interactions.h(96,16): warning C4129: '_': unrecognized character escape sequence
G:\University Work\Programming with C++ - CMP104\Cyber Pet\Cyber Pet\Cyber Pet\Interactions.h(97,16): warning C4129: '_': unrecognized character escape sequence
G:\University Work\Programming with C++ - CMP104\Cyber Pet\Cyber Pet\Cyber Pet\Interactions.h(98,16): warning C4129: ' ': unrecognized character escape sequence
G:\University Work\Programming with C++ - CMP104\Cyber Pet\Cyber Pet\Cyber Pet\Interactions.h(102,16): warning C4129: ' ': unrecognized character escape sequence
G:\University Work\Programming with C++ - CMP104\Cyber Pet\Cyber Pet\Cyber Pet\Interactions.h(104,16): warning C4129: ' ': unrecognized character escape sequence
G:\University Work\Programming with C++ - CMP104\Cyber Pet\Cyber Pet\Cyber Pet\Interactions.h(105,16): warning C4129: ' ': unrecognized character escape sequence
G:\University Work\Programming with C++ - CMP104\Cyber Pet\Cyber Pet\Cyber Pet\Interactions.h(117,16): warning C4129: '/': unrecognized character escape sequence
G:\University Work\Programming with C++ - CMP104\Cyber Pet\Cyber Pet\Cyber Pet\Interactions.h(117,16): warning C4129: ' ': unrecognized character escape sequence
G:\University Work\Programming with C++ - CMP104\Cyber Pet\Cyber Pet\Cyber Pet\Interactions.h(119,16): warning C4129: ' ': unrecognized character escape sequence
G:\University Work\Programming with C++ - CMP104\Cyber Pet\Cyber Pet\Cyber Pet\Interactions.h(120,16): warning C4129: ' ': unrecognized character escape sequence
G:\University Work\Programming with C++ - CMP104\Cyber Pet\Cyber Pet\Cyber Pet\Interactions.h(121,16): warning C4129: ' ': unrecognized character escape sequence
G:\University Work\Programming with C++ - CMP104\Cyber Pet\Cyber Pet\Cyber Pet\Interactions.h(122,16): warning C4129: ' ': unrecognized character escape sequence
G:\University Work\Programming with C++ - CMP104\Cyber Pet\Cyber Pet\Cyber Pet\Interactions.h(122,16): warning C4129: '/': unrecognized character escape sequence
G:\University Work\Programming with C++ - CMP104\Cyber Pet\Cyber Pet\Cyber Pet\Interactions.h(123,16): warning C4129: ' ': unrecognized character escape sequence
G:\University Work\Programming with C++ - CMP104\Cyber Pet\Cyber Pet\Cyber Pet\Interactions.h(124,16): warning C4129: ' ': unrecognized character escape sequence
G:\University Work\Programming with C++ - CMP104\Cyber Pet\Cyber Pet\Cyber Pet\Interactions.h(125,16): warning C4129: ' ': unrecognized character escape sequence
G:\University Work\Programming with C++ - CMP104\Cyber Pet\Cyber Pet\Cyber Pet\Interactions.h(126,16): warning C4129: '/': unrecognized character escape sequence
G:\University Work\Programming with C++ - CMP104\Cyber Pet\Cyber Pet\Cyber Pet\Interactions.h(127,16): warning C4129: ' ': unrecognized character escape sequence
G:\University Work\Programming with C++ - CMP104\Cyber Pet\Cyber Pet\Cyber Pet\Interactions.h(128,16): warning C4129: ' ': unrecognized character escape sequence
G:\University Work\Programming with C++ - CMP104\Cyber Pet\Cyber Pet\Cyber Pet\Interactions.h(129,16): warning C4129: ' ': unrecognized character escape sequence
G:\University Work\Programming with C++ - CMP104\Cyber Pet\Cyber Pet\Cyber Pet\Interactions.h(131,16): warning C4129: ' ': unrecognized character escape sequence
G:\University Work\Programming with C++ - CMP104\Cyber Pet\Cyber Pet\Cyber Pet\Interactions.h(131,16): warning C4129: '_': unrecognized character escape sequence
G:\University Work\Programming with C++ - CMP104\Cyber Pet\Cyber Pet\Cyber Pet\Interactions.h(132,16): warning C4129: ' ': unrecognized character escape sequence
G:\University Work\Programming with C++ - CMP104\Cyber Pet\Cyber Pet\Cyber Pet\Interactions.h(140,16): warning C4129: ' ': unrecognized character escape sequence
G:\University Work\Programming with C++ - CMP104\Cyber Pet\Cyber Pet\Cyber Pet\Interactions.h(140,16): warning C4129: '|': unrecognized character escape sequence
G:\University Work\Programming with C++ - CMP104\Cyber Pet\Cyber Pet\Cyber Pet\Interactions.h(141,16): warning C4129: ' ': unrecognized character escape sequence
G:\University Work\Programming with C++ - CMP104\Cyber Pet\Cyber Pet\Cyber Pet\Interactions.h(142,16): warning C4129: ' ': unrecognized character escape sequence
G:\University Work\Programming with C++ - CMP104\Cyber Pet\Cyber Pet\Cyber Pet\Interactions.h(145,16): warning C4129: ' ': unrecognized character escape sequence
G:\University Work\Programming with C++ - CMP104\Cyber Pet\Cyber Pet\Cyber Pet\Interactions.h(146,16): warning C4129: ' ': unrecognized character escape sequence
G:\University Work\Programming with C++ - CMP104\Cyber Pet\Cyber Pet\Cyber Pet\Interactions.h(147,16): warning C4129: ' ': unrecognized character escape sequence
G:\University Work\Programming with C++ - CMP104\Cyber Pet\Cyber Pet\Cyber Pet\Interactions.h(148,16): warning C4129: ' ': unrecognized character escape sequence
G:\University Work\Programming with C++ - CMP104\Cyber Pet\Cyber Pet\Cyber Pet\Interactions.h(153,16): warning C4129: ' ': unrecognized character escape sequence
G:\University Work\Programming with C++ - CMP104\Cyber Pet\Cyber Pet\Cyber Pet\Interactions.h(155,16): warning C4129: ' ': unrecognized character escape sequence
G:\University Work\Programming with C++ - CMP104\Cyber Pet\Cyber Pet\Cyber Pet\Interactions.h(156,16): warning C4129: ' ': unrecognized character escape sequence
G:\University Work\Programming with C++ - CMP104\Cyber Pet\Cyber Pet\Cyber Pet\Interactions.h(156,16): warning C4129: '.': unrecognized character escape sequence
G:\University Work\Programming with C++ - CMP104\Cyber Pet\Cyber Pet\Cyber Pet\Interactions.h(157,16): warning C4129: '`': unrecognized character escape sequence
G:\University Work\Programming with C++ - CMP104\Cyber Pet\Cyber Pet\Cyber Pet\Interactions.h(157,16): warning C4129: ' ': unrecognized character escape sequence
G:\University Work\Programming with C++ - CMP104\Cyber Pet\Cyber Pet\Cyber Pet\Interactions.h(158,16): warning C4129: ',': unrecognized character escape sequence
G:\University Work\Programming with C++ - CMP104\Cyber Pet\Cyber Pet\Cyber Pet\Interactions.h(158,16): warning C4129: ' ': unrecognized character escape sequence
  Cyber Pet.vcxproj -> G:\University Work\Programming with C++ - CMP104\Cyber Pet\Cyber Pet\x64\Debug\Cyber Pet.exe
